<?xml version='1.0' encoding='UTF-8'?>
<beans xmlns="http://www.springframework.org/schema/beans"
       xmlns:xsi="http://www.w3.org/2001/XMLSchema-instance"
       xsi:schemaLocation="http://www.springframework.org/schema/beans
         http://www.springframework.org/schema/beans/spring-beans.xsd">

   <bean id="scheduledDispositionLifecyceleJobTrigger" class="org.alfresco.util.CronTriggerBean">
      <property name="jobDetail">
         <ref bean="scheduledDispositionLifecyceleJobDetail" />
      </property>
      <property name="scheduler">
         <ref bean="schedulerFactory" />
      </property>
      <property name="cronExpression">
         <value>0/30 * * * * ?</value>
      </property>
   </bean>

</beans>