<?xml version='1.0' encoding='UTF-8'?>
<beans xmlns="http://www.springframework.org/schema/beans"
       xmlns:xsi="http://www.w3.org/2001/XMLSchema-instance"
       xsi:schemaLocation="http://www.springframework.org/schema/beans
         http://www.springframework.org/schema/beans/spring-beans.xsd">

   <bean id="scheduledDispositionLifecyceleSchedulerAccessor"
         class="org.alfresco.schedule.AlfrescoSchedulerAccessorBean">
      <property name="scheduler" ref="schedulerFactory" />
      <property name="triggers">
         <bean id="scheduledDispositionLifecyceleJobTrigger"
               class="org.springframework.scheduling.quartz.CronTriggerFactoryBean">
            <property name="jobDetail" ref="scheduledDispositionLifecyceleJobDetail" />
            <!-- <value>0/30 * * * * ?</value> -->
            <property name="cronExpression" value="0/30 * * * * ?" />
         </bean>
      </property>
   </bean>

</beans>