<beans xmlns="http://www.springframework.org/schema/beans"
       xmlns:xsi="http://www.w3.org/2001/XMLSchema-instance"
       xmlns:context="http://www.springframework.org/schema/context"
       xsi:schemaLocation="
       http://www.springframework.org/schema/beans http://www.springframework.org/schema/beans/spring-beans.xsd">

    <bean class="org.springframework.beans.factory.config.PropertyPlaceholderConfigurer">
        <property name="location" value="test-messaging.properties" />
    </bean>

    <bean id="policyComponent" name="policyComponent" class="org.mockito.Mockito" factory-method="mock">
        <constructor-arg type="java.lang.Class" value="org.alfresco.repo.policy.PolicyComponentImpl" />
    </bean>

    <import resource="classpath:/alfresco/subsystems/Messaging/default/messaging-context.xml" />

    <bean id="messagingExceptionProcessor"
          class="org.alfresco.messaging.camel.MockExceptionProcessor" />

    <bean id="mockConsumer"
          class="org.alfresco.messaging.camel.MockConsumer" />

    <bean id="mockExceptionThrowingConsumer"
          class="org.alfresco.messaging.camel.MockExceptionThrowingConsumer" />

    <import resource="testRoutes.xml" />
    <bean id="testNewRouteLoader" class="org.alfresco.messaging.camel.SpringContextRouteLoader">
        <property name="camelContextId" value="alfrescoCamelContext" />
        <property name="routeContextId" value="customRoutes" />
    </bean>

    <bean id="transactionAwareEventProducer" class="org.alfresco.repo.rawevents.TransactionAwareEventProducer"/>

<!--    <bean id="policyComponent" class="org.alfresco.repo.policy.PolicyComponentImpl" />-->

    <bean id="dictionaryService" class="org.alfresco.repo.dictionary.DictionaryComponent" >
        <property name="dictionaryDAO" ref="dictionaryDAO"/>
    </bean>

    <bean id="dictionaryDAO" class="org.mockito.Mockito" factory-method="mock">
        <constructor-arg type="java.lang.Class" value="org.alfresco.repo.dictionary.DictionaryDAOImpl" />
    </bean>

    <bean id="renditionEventProcessor" class="org.alfresco.repo.rendition2.RenditionEventProcessor"/>

    <bean id="transformRequestProcessor" class="org.alfresco.repo.rendition2.TransformRequestProcessor" />
</beans>